#
# There is insufficient memory for the Java Runtime Environment to continue.
# Native memory allocation (mmap) failed to map 123731968 bytes. Error detail: G1 virtual space
# Possible reasons:
#   The system is out of physical RAM or swap space
#   This process is running with CompressedOops enabled, and the Java Heap may be blocking the growth of the native heap
# Possible solutions:
#   Reduce memory load on the system
#   Increase physical memory or swap space
#   Check if swap backing store is full
#   Decrease Java heap size (-Xmx/-Xms)
#   Decrease number of Java threads
#   Decrease Java thread stack sizes (-Xss)
#   Set larger code cache with -XX:ReservedCodeCacheSize=
#   JVM is running with Unscaled Compressed Oops mode in which the Java heap is
#     placed in the first 4GB address space. The Java Heap base address is the
#     maximum limit for the native heap growth. Please use -XX:HeapBaseMinAddress
#     to set the Java Heap base and to place the Java Heap above 4GB virtual address.
# This output file may be truncated or incomplete.
#
#  Out of Memory Error (os_windows.cpp:3631), pid=17904, tid=1148
#
# JRE version:  (22.0.2+9) (build )
# Java VM: OpenJDK 64-Bit Server VM (22.0.2+9, mixed mode, sharing, tiered, compressed oops, compressed class ptrs, g1 gc, windows-amd64)
# No core dump will be written. Minidumps are not enabled by default on client versions of Windows
#

---------------  S U M M A R Y ------------

Command Line: -Dfile.encoding=UTF-8 -Dstdout.encoding=UTF-8 -Dstderr.encoding=UTF-8 --module-path=C:\Users\surav\git\repository2\c43_suravishnuvardhanreddy\bin -XX:+ShowCodeDetailsInExceptionMessages -Djdk.module.main=c43_suravishnuvardhanreddy c43_suravishnuvardhanreddy/com.tnsif.day5.Constructor.ScannerClass

Host: AMD Ryzen 5 5600H with Radeon Graphics         , 12 cores, 7G,  Windows 11 , 64 bit Build 22621 (10.0.22621.3958)
Time: Wed Aug 14 12:16:05 2024 India Standard Time elapsed time: 0.009428 seconds (0d 0h 0m 0s)

---------------  T H R E A D  ---------------

Current thread (0x000001b67437e250):  JavaThread "Unknown thread" [_thread_in_vm, id=1148, stack(0x00000002e6800000,0x00000002e6900000) (1024K)]

Stack: [0x00000002e6800000,0x00000002e6900000]
Native frames: (J=compiled Java code, j=interpreted, Vv=VM code, C=native code)
V  [jvm.dll+0x6ea6a9]  (no source info available)
V  [jvm.dll+0x8cdbf3]  (no source info available)
V  [jvm.dll+0x8d001e]  (no source info available)
V  [jvm.dll+0x8d06f3]  (no source info available)
V  [jvm.dll+0x286dc6]  (no source info available)
V  [jvm.dll+0x6e6d35]  (no source info available)
V  [jvm.dll+0x6db9ba]  (no source info available)
V  [jvm.dll+0x36037a]  (no source info available)
V  [jvm.dll+0x368846]  (no source info available)
V  [jvm.dll+0x3ba7be]  (no source info available)
V  [jvm.dll+0x3baa68]  (no source info available)
V  [jvm.dll+0x333d1c]  (no source info available)
V  [jvm.dll+0x334988]  (no source info available)
V  [jvm.dll+0x895adc]  (no source info available)
V  [jvm.dll+0x3c78a1]  (no source info available)
V  [jvm.dll+0x87e75c]  (no source info available)
V  [jvm.dll+0x4612ae]  (no source info available)
V  [jvm.dll+0x4630c1]  (no source info available)
C  [jli.dll+0x5278]  (no source info available)
C  [ucrtbase.dll+0x29333]  (no source info available)
C  [KERNEL32.DLL+0x1257d]  (no source info available)
C  [ntdll.dll+0x5af28]  (no source info available)


---------------  P R O C E S S  ---------------

Threads class SMR info:
_java_thread_list=0x00007ffdf495d688, length=0, elements={
}

Java Threads: ( => current thread )
Total: 0

Other Threads:
  0x000001b676550070 WorkerThread "GC Thread#0"                     [id=16752, stack(0x00000002e6900000,0x00000002e6a00000) (1024K)]
  0x000001b67655fd90 ConcurrentGCThread "G1 Main Marker"            [id=11808, stack(0x00000002e6a00000,0x00000002e6b00000) (1024K)]
  0x000001b676561040 WorkerThread "G1 Conc#0"                       [id=15528, stack(0x00000002e6b00000,0x00000002e6c00000) (1024K)]

[error occurred during error reporting (printing all threads), id 0xc0000005, EXCEPTION_ACCESS_VIOLATION (0xc0000005) at pc=0x00007ffdf4046cd7]
VM state: not at safepoint (not fully initialized)

VM Mutex/Monitor currently owned by a thread:  ([mutex/lock_event])
[0x00007ffdf49e1080] Heap_lock - owner thread: 0x000001b67437e250

Heap address: 0x000000008a400000, size: 1884 MB, Compressed Oops mode: 32-bit

CDS archive(s) mapped at: [0x0000000000000000-0x0000000000000000-0x0000000000000000), size 0, SharedBaseAddress: 0x0000000800000000, ArchiveRelocationMode: 1.
Narrow klass base: 0x0000000000000000, Narrow klass shift: 0, Narrow klass range: 0x0

GC Precious Log:
 CardTable entry size: 512
 Card Set container configuration: InlinePtr #cards 5 size 8 Array Of Cards #cards 12 size 40 Howl #buckets 4 coarsen threshold 1843 Howl Bitmap #cards 512 size 80 coarsen threshold 460 Card regions per heap region 1 cards per card region 2048

Heap:
 garbage-first heap   total reserved 1929216K, committed 0K, used 0K [0x000000008a400000, 0x0000000100000000)
  region size 1024K, 0 young (0K), 0 survivors (0K)

[error occurred during error reporting (printing heap information), id 0xc0000005, EXCEPTION_ACCESS_VIOLATION (0xc0000005) at pc=0x00007ffdf4447269]
GC Heap History (0 events):
No events

Dll operation events (1 events):
Event: 0.005 Loaded shared library C:\Users\surav\.p2\pool\plugins\org.eclipse.justj.openjdk.hotspot.jre.full.win32.x86_64_22.0.2.v20240802-1626\jre\bin\java.dll

Deoptimization events (0 events):
No events

Classes loaded (0 events):
No events

Classes unloaded (0 events):
No events

Classes redefined (0 events):
No events

Internal exceptions (0 events):
No events

ZGC Phase Switch (0 events):
No events

VM Operations (0 events):
No events

Memory protections (0 events):
No events

Nmethod flushes (0 events):
No events

Events (0 events):
No events


Dynamic libraries:
0x00007ff670a40000 - 0x00007ff670a4e000 	C:\Users\surav\.p2\pool\plugins\org.eclipse.justj.openjdk.hotspot.jre.full.win32.x86_64_22.0.2.v20240802-1626\jre\bin\javaw.exe
0x00007ffe457b0000 - 0x00007ffe459c7000 	C:\WINDOWS\SYSTEM32\ntdll.dll
0x00007ffe45400000 - 0x00007ffe454c4000 	C:\WINDOWS\System32\KERNEL32.DLL
0x00007ffe42de0000 - 0x00007ffe4318d000 	C:\WINDOWS\System32\KERNELBASE.dll
0x00007ffe42bd0000 - 0x00007ffe42ce1000 	C:\WINDOWS\System32\ucrtbase.dll
0x00007ffe3de70000 - 0x00007ffe3de87000 	C:\Users\surav\.p2\pool\plugins\org.eclipse.justj.openjdk.hotspot.jre.full.win32.x86_64_22.0.2.v20240802-1626\jre\bin\jli.dll
0x00007ffe33dd0000 - 0x00007ffe33deb000 	C:\Users\surav\.p2\pool\plugins\org.eclipse.justj.openjdk.hotspot.jre.full.win32.x86_64_22.0.2.v20240802-1626\jre\bin\VCRUNTIME140.dll
0x00007ffe43b80000 - 0x00007ffe43d2e000 	C:\WINDOWS\System32\USER32.dll
0x00007ffe41cb0000 - 0x00007ffe41f43000 	C:\WINDOWS\WinSxS\amd64_microsoft.windows.common-controls_6595b64144ccf1df_6.0.22621.3672_none_2713b9d173822955\COMCTL32.dll
0x00007ffe42ad0000 - 0x00007ffe42af6000 	C:\WINDOWS\System32\win32u.dll
0x00007ffe44290000 - 0x00007ffe44337000 	C:\WINDOWS\System32\msvcrt.dll
0x00007ffe43f00000 - 0x00007ffe43f29000 	C:\WINDOWS\System32\GDI32.dll
0x00007ffe43190000 - 0x00007ffe432a9000 	C:\WINDOWS\System32\gdi32full.dll
0x00007ffe42b30000 - 0x00007ffe42bca000 	C:\WINDOWS\System32\msvcp_win.dll
0x00007ffe44070000 - 0x00007ffe440a1000 	C:\WINDOWS\System32\IMM32.DLL
0x00007ffe422d0000 - 0x00007ffe422dc000 	C:\Users\surav\.p2\pool\plugins\org.eclipse.justj.openjdk.hotspot.jre.full.win32.x86_64_22.0.2.v20240802-1626\jre\bin\vcruntime140_1.dll
0x00007ffe0a450000 - 0x00007ffe0a4de000 	C:\Users\surav\.p2\pool\plugins\org.eclipse.justj.openjdk.hotspot.jre.full.win32.x86_64_22.0.2.v20240802-1626\jre\bin\msvcp140.dll
0x00007ffdf3d00000 - 0x00007ffdf4ac3000 	C:\Users\surav\.p2\pool\plugins\org.eclipse.justj.openjdk.hotspot.jre.full.win32.x86_64_22.0.2.v20240802-1626\jre\bin\server\jvm.dll
0x00007ffe43d30000 - 0x00007ffe43de2000 	C:\WINDOWS\System32\ADVAPI32.dll
0x00007ffe43ad0000 - 0x00007ffe43b79000 	C:\WINDOWS\System32\sechost.dll
0x00007ffe42b00000 - 0x00007ffe42b28000 	C:\WINDOWS\System32\bcrypt.dll
0x00007ffe43f30000 - 0x00007ffe44044000 	C:\WINDOWS\System32\RPCRT4.dll
0x00007ffe44210000 - 0x00007ffe44281000 	C:\WINDOWS\System32\WS2_32.dll
0x00007ffe42990000 - 0x00007ffe429dd000 	C:\WINDOWS\SYSTEM32\POWRPROF.dll
0x00007ffe3c910000 - 0x00007ffe3c944000 	C:\WINDOWS\SYSTEM32\WINMM.dll
0x00007ffe39c80000 - 0x00007ffe39c8a000 	C:\WINDOWS\SYSTEM32\VERSION.dll
0x00007ffe42970000 - 0x00007ffe42983000 	C:\WINDOWS\SYSTEM32\UMPDC.dll
0x00007ffe413d0000 - 0x00007ffe413e8000 	C:\WINDOWS\SYSTEM32\kernel.appcore.dll
0x00007ffe392f0000 - 0x00007ffe392fa000 	C:\Users\surav\.p2\pool\plugins\org.eclipse.justj.openjdk.hotspot.jre.full.win32.x86_64_22.0.2.v20240802-1626\jre\bin\jimage.dll
0x00007ffe42340000 - 0x00007ffe42572000 	C:\WINDOWS\SYSTEM32\DBGHELP.DLL
0x00007ffe43720000 - 0x00007ffe43aad000 	C:\WINDOWS\System32\combase.dll
0x00007ffe43570000 - 0x00007ffe43647000 	C:\WINDOWS\System32\OLEAUT32.dll
0x00007ffe42220000 - 0x00007ffe42252000 	C:\WINDOWS\SYSTEM32\dbgcore.DLL
0x00007ffe42cf0000 - 0x00007ffe42d6b000 	C:\WINDOWS\System32\bcryptPrimitives.dll
0x00007ffe366e0000 - 0x00007ffe366fe000 	C:\Users\surav\.p2\pool\plugins\org.eclipse.justj.openjdk.hotspot.jre.full.win32.x86_64_22.0.2.v20240802-1626\jre\bin\java.dll
0x00007ffe444f0000 - 0x00007ffe44d57000 	C:\WINDOWS\System32\SHELL32.dll
0x00007ffe44340000 - 0x00007ffe444e5000 	C:\WINDOWS\System32\ole32.dll

dbghelp: loaded successfully - version: 4.0.5 - missing functions: none
symbol engine: initialized successfully - sym options: 0x614 - pdb path: .;C:\Users\surav\.p2\pool\plugins\org.eclipse.justj.openjdk.hotspot.jre.full.win32.x86_64_22.0.2.v20240802-1626\jre\bin;C:\WINDOWS\SYSTEM32;C:\WINDOWS\WinSxS\amd64_microsoft.windows.common-controls_6595b64144ccf1df_6.0.22621.3672_none_2713b9d173822955;C:\Users\surav\.p2\pool\plugins\org.eclipse.justj.openjdk.hotspot.jre.full.win32.x86_64_22.0.2.v20240802-1626\jre\bin\server

VM Arguments:
jvm_args: -Dfile.encoding=UTF-8 -Dstdout.encoding=UTF-8 -Dstderr.encoding=UTF-8 --module-path=C:\Users\surav\git\repository2\c43_suravishnuvardhanreddy\bin -XX:+ShowCodeDetailsInExceptionMessages -Djdk.module.main=c43_suravishnuvardhanreddy 
java_command: c43_suravishnuvardhanreddy/com.tnsif.day5.Constructor.ScannerClass
java_class_path (initial): <not set>
Launcher Type: SUN_STANDARD

[Global flags]
     intx CICompilerCount                          = 4                                         {product} {ergonomic}
     uint ConcGCThreads                            = 3                                         {product} {ergonomic}
     uint G1ConcRefinementThreads                  = 10                                        {product} {ergonomic}
   size_t G1HeapRegionSize                         = 1048576                                   {product} {ergonomic}
   size_t InitialHeapSize                          = 123731968                                 {product} {ergonomic}
   size_t MarkStackSize                            = 4194304                                   {product} {ergonomic}
   size_t MaxHeapSize                              = 1975517184                                {product} {ergonomic}
   size_t MinHeapDeltaBytes                        = 1048576                                   {product} {ergonomic}
   size_t MinHeapSize                              = 8388608                                   {product} {ergonomic}
    uintx NonNMethodCodeHeapSize                   = 5839372                                {pd product} {ergonomic}
    uintx NonProfiledCodeHeapSize                  = 122909434                              {pd product} {ergonomic}
    uintx ProfiledCodeHeapSize                     = 122909434                              {pd product} {ergonomic}
    uintx ReservedCodeCacheSize                    = 251658240                              {pd product} {ergonomic}
     bool SegmentedCodeCache                       = true                                      {product} {ergonomic}
     bool ShowCodeDetailsInExceptionMessages       = true                                   {manageable} {command line}
   size_t SoftMaxHeapSize                          = 1975517184                             {manageable} {ergonomic}
     bool UseCompressedOops                        = true                           {product lp64_product} {ergonomic}
     bool UseG1GC                                  = true                                      {product} {ergonomic}
     bool UseLargePagesIndividualAllocation        = false                                  {pd product} {ergonomic}

Logging:
Log output configuration:
 #0: stdout all=warning uptime,level,tags foldmultilines=false
 #1: stderr all=off uptime,level,tags foldmultilines=false

Environment Variables:
PATH=C:/Users/surav/.p2/pool/plugins/org.eclipse.justj.openjdk.hotspot.jre.full.win32.x86_64_22.0.2.v20240802-1626/jre/bin/server;C:/Users/surav/.p2/pool/plugins/org.eclipse.justj.openjdk.hotspot.jre.full.win32.x86_64_22.0.2.v20240802-1626/jre/bin;C:\Program Files\Common Files\Oracle\Java\javapath;C:\Program Files (x86)\Common Files\Oracle\Java\javapath;C:\Windows\system32;C:\Windows;C:\Windows\System32\Wbem;C:\Windows\System32\WindowsPowerShell\v1.0\;C:\Windows\System32\OpenSSH\;C:\Program Files (x86)\NVIDIA Corporation\PhysX\Common;C:\WINDOWS\system32;C:\WINDOWS;C:\WINDOWS\System32\Wbem;C:\WINDOWS\System32\WindowsPowerShell\v1.0\;C:\WINDOWS\System32\OpenSSH\;C:\Program Files\Git\cmd;C:\Program Files\nodejs\npm.exe;C:\Program Files\nodejs\npm.cmd;C:\Program Files\nodejs\;C:\Program Files\NVIDIA Corporation\NVIDIA app\NvDLISR;C:\Users\surav\OneDrive\Desktop\Flutter\flutter_windows_3.24.0-stable\flutter\bin;C:\Users\surav\AppData\Local\Microsoft\WindowsApps;;C:\Program Files\JetBrains\IntelliJ IDEA Community Edition 2024.2\bin;;C:\Users\surav\AppData\Local\Programs\Microsoft VS Code\bin;C:\Users\surav\AppData\Local\Microsoft\WinGet\Packages\Schniz.fnm_Microsoft.Winget.Source_8wekyb3d8bbwe;C:\Users\surav\AppData\Roaming\npm;C:\Users\surav\OneDrive\Desktop;
USERNAME=surav
OS=Windows_NT
PROCESSOR_IDENTIFIER=AMD64 Family 25 Model 80 Stepping 0, AuthenticAMD
TMP=C:\Users\surav\AppData\Local\Temp
TEMP=C:\Users\surav\AppData\Local\Temp




Periodic native trim disabled

---------------  S Y S T E M  ---------------

OS:
 Windows 11 , 64 bit Build 22621 (10.0.22621.3958)
OS uptime: 0 days 21:37 hours
Hyper-V role detected

CPU: total 12 (initial active 12) (12 cores per cpu, 2 threads per core) family 25 model 80 stepping 0 microcode 0x0, cx8, cmov, fxsr, ht, mmx, 3dnowpref, sse, sse2, sse3, ssse3, sse4a, sse4.1, sse4.2, popcnt, lzcnt, tsc, tscinvbit, avx, avx2, aes, erms, clmul, bmi1, bmi2, adx, sha, fma, vzeroupper, clflush, clflushopt, hv, rdtscp, rdpid, fsrm, f16c, cet_ss
Processor Information for all 12 processors :
  Max Mhz: 3301, Current Mhz: 3301, Mhz Limit: 3301

Memory: 4k page, system-wide physical 7532M (1704M free)
TotalPageFile size 9580M (AvailPageFile size 76M)
current process WorkingSet (physical memory assigned to process): 12M, peak: 12M
current process commit charge ("private bytes"): 64M, peak: 182M

vm_info: OpenJDK 64-Bit Server VM (22.0.2+9) for windows-amd64 JRE (22.0.2+9), built on 2024-07-16T00:00:00Z by "admin" with MS VC++ 17.7 (VS2022)

END.
